Android/AndroidPubSub/build/outputs/logs/manifest-merger-debug-report.txt
-- Merging decision tree log ---
manifest
ADDED from aws-sdk-android-samples\AndroidPubSub\AndroidManifest.xml:2:1-31:12
INJECTED from aws-sdk-android-samples\AndroidPubSub\AndroidManifest.xml:2:1-31:12
INJECTED from aws-sdk-android-samples\AndroidPubSub\AndroidManifest.xml:2:1-31:12
MERGED from [com.theartofdev.edmodo:android-image-cropper:2.8.0] AndroidManifest.xml:2:1-11:12
MERGED from [com.google.android.material:material:1.3.0] AndroidManifest.xml:17:1-24:12
MERGED from [androidx.constraintlayout:constraintlayout:2.0.1] AndroidManifest.xml:2:1-11:12
MERGED from [com.amazonaws:aws-android-sdk-iot:2.16.13] AndroidManifest.xml:1:1-4:12
MERGED from [com.amazonaws:aws-android-sdk-mobile-client:2.16.13] AndroidManifest.xml:2:1-7:12
MERGED from [com.amazonaws:aws-android-sdk-auth-core:2.16.13] AndroidManifest.xml:2:1-4:12
MERGED from [androidx.appcompat:appcompat:1.2.0] AndroidManifest.xml:17:1-24:12
MERGED from [androidx.exifinterface:exifinterface:1.0.0] AndroidManifest.xml:17:1-22:12
MERGED from [androidx.cardview:cardview:1.0.0] AndroidManifest.xml:17:1-22:12
MERGED from [androidx.coordinatorlayout:coordinatorlayout:1.1.0] AndroidManifest.xml:17:1-24:12
MERGED from [androidx.transition:transition:1.2.0] AndroidManifest.xml:17:1-24:12
MERGED from [androidx.appcompat:appcompat-resources:1.2.0] AndroidManifest.xml:17:1-24:12
MERGED from [androidx.vectordrawable:vectordrawable-animated:1.1.0] AndroidManifest.xml:17:1-24:12
MERGED from [androidx.vectordrawable:vectordrawable:1.1.0] AndroidManifest.xml:17:1-24:12
MERGED from [androidx.viewpager2:viewpager2:1.0.0] AndroidManifest.xml:17:1-24:12
MERGED from [androidx.fragment:fragment:1.1.0] AndroidManifest.xml:17:1-24:12
MERGED from [androidx.dynamicanimation:dynamicanimation:1.0.0] AndroidManifest.xml:17:1-22:12
MERGED from [androidx.recyclerview:recyclerview:1.1.0] AndroidManifest.xml:17:1-24:12
MERGED from [androidx.viewpager:viewpager:1.0.0] AndroidManifest.xml:17:1-22:12
MERGED from [androidx.drawerlayout:drawerlayout:1.0.0] AndroidManifest.xml:17:1-22:12
MERGED from [androidx.customview:customview:1.0.0] AndroidManifest.xml:17:1-22:12
MERGED from [androidx.legacy:legacy-support-core-utils:1.0.0] AndroidManifest.xml:17:1-22:12
MERGED from [androidx.loader:loader:1.0.0] AndroidManifest.xml:17:1-22:12
MERGED from [androidx.activity:activity:1.0.0] AndroidManifest.xml:17:1-24:12
MERGED from [androidx.core:core:1.3.1] AndroidManifest.xml:17:1-26:12
MERGED from [androidx.versionedparcelable:versionedparcelable:1.1.0] AndroidManifest.xml:17:1-27:12
MERGED from [androidx.cursoradapter:cursoradapter:1.0.0] AndroidManifest.xml:17:1-22:12
MERGED from [androidx.documentfile:documentfile:1.0.0] AndroidManifest.xml:17:1-22:12
MERGED from [androidx.localbroadcastmanager:localbroadcastmanager:1.0.0] AndroidManifest.xml:17:1-22:12
MERGED from [androidx.print:print:1.0.0] AndroidManifest.xml:17:1-22:12
MERGED from [androidx.lifecycle:lifecycle-runtime:2.1.0] AndroidManifest.xml:17:1-22:12
MERGED from [androidx.lifecycle:lifecycle-viewmodel:2.1.0] AndroidManifest.xml:17:1-22:12
MERGED from [androidx.savedstate:savedstate:1.0.0] AndroidManifest.xml:17:1-24:12
MERGED from [androidx.lifecycle:lifecycle-livedata:2.0.0] AndroidManifest.xml:17:1-22:12
MERGED from [androidx.lifecycle:lifecycle-livedata-core:2.0.0] AndroidManifest.xml:17:1-22:12
MERGED from [androidx.arch.core:core-runtime:2.0.0] AndroidManifest.xml:17:1-22:12
MERGED from [androidx.interpolator:interpolator:1.0.0] AndroidManifest.xml:17:1-22:12
MERGED from [androidx.annotation:annotation-experimental:1.0.0] AndroidManifest.xml:17:1-24:12
MERGED from [org.conscrypt:conscrypt-android:2.0.0] AndroidManifest.xml:2:1-13:12
INJECTED from aws-sdk-android-samples\AndroidPubSub\AndroidManifest.xml:2:1-31:12
INJECTED from aws-sdk-android-samples\AndroidPubSub\AndroidManifest.xml:2:1-31:12
	package
		ADDED from aws-sdk-android-samples\AndroidPubSub\AndroidManifest.xml:3:5-47
	android:versionName
		ADDED from aws-sdk-android-samples\AndroidPubSub\AndroidManifest.xml:5:5-30
		INJECTED from aws-sdk-android-samples\AndroidPubSub\AndroidManifest.xml
		INJECTED from aws-sdk-android-samples\AndroidPubSub\AndroidManifest.xml
	xmlns:android
		ADDED from aws-sdk-android-samples\AndroidPubSub\AndroidManifest.xml:2:11-69
	android:versionCode
		ADDED from aws-sdk-android-samples\AndroidPubSub\AndroidManifest.xml:4:5-28
		INJECTED from aws-sdk-android-samples\AndroidPubSub\AndroidManifest.xml
		INJECTED from aws-sdk-android-samples\AndroidPubSub\AndroidManifest.xml
uses-permission#android.permission.INTERNET
ADDED from aws-sdk-android-samples\AndroidPubSub\AndroidManifest.xml:7:5-67
MERGED from [com.amazonaws:aws-android-sdk-iot:2.16.13] AndroidManifest.xml:3:5-66
MERGED from [com.amazonaws:aws-android-sdk-iot:2.16.13] AndroidManifest.xml:3:5-66
MERGED from [com.amazonaws:aws-android-sdk-mobile-client:2.16.13] AndroidManifest.xml:4:5-66
MERGED from [com.amazonaws:aws-android-sdk-mobile-client:2.16.13] AndroidManifest.xml:4:5-66
	android:name
		ADDED from aws-sdk-android-samples\AndroidPubSub\AndroidManifest.xml:7:22-64
uses-permission#android.permission.WRITE_EXTERNAL_STORAGE
ADDED from aws-sdk-android-samples\AndroidPubSub\AndroidManifest.xml:8:5-80
	android:name
		ADDED from aws-sdk-android-samples\AndroidPubSub\AndroidManifest.xml:8:22-78
uses-permission#android.permission.READ_EXTERNAL_STORAGE
ADDED from aws-sdk-android-samples\AndroidPubSub\AndroidManifest.xml:9:5-79
	android:name
		ADDED from aws-sdk-android-samples\AndroidPubSub\AndroidManifest.xml:9:22-77
application
ADDED from aws-sdk-android-samples\AndroidPubSub\AndroidManifest.xml:13:5-29:19
MERGED from [com.google.android.material:material:1.3.0] AndroidManifest.xml:22:5-20
MERGED from [com.google.android.material:material:1.3.0] AndroidManifest.xml:22:5-20
MERGED from [androidx.constraintlayout:constraintlayout:2.0.1] AndroidManifest.xml:9:5-20
MERGED from [androidx.constraintlayout:constraintlayout:2.0.1] AndroidManifest.xml:9:5-20
MERGED from [androidx.core:core:1.3.1] AndroidManifest.xml:24:5-89
MERGED from [androidx.core:core:1.3.1] AndroidManifest.xml:24:5-89
MERGED from [androidx.versionedparcelable:versionedparcelable:1.1.0] AndroidManifest.xml:24:5-25:19
MERGED from [androidx.versionedparcelable:versionedparcelable:1.1.0] AndroidManifest.xml:24:5-25:19
MERGED from [org.conscrypt:conscrypt-android:2.0.0] AndroidManifest.xml:11:5-20
MERGED from [org.conscrypt:conscrypt-android:2.0.0] AndroidManifest.xml:11:5-20
	android:appComponentFactory
		ADDED from [androidx.core:core:1.3.1] AndroidManifest.xml:24:18-86
	android:label
		ADDED from aws-sdk-android-samples\AndroidPubSub\AndroidManifest.xml:17:9-41
	android:icon
		ADDED from aws-sdk-android-samples\AndroidPubSub\AndroidManifest.xml:16:9-45
	android:allowBackup
		ADDED from aws-sdk-android-samples\AndroidPubSub\AndroidManifest.xml:15:9-35
	android:theme
		ADDED from aws-sdk-android-samples\AndroidPubSub\AndroidManifest.xml:14:9-47
activity#com.theartofdev.edmodo.cropper.CropImageActivity
ADDED from aws-sdk-android-samples\AndroidPubSub\AndroidManifest.xml:18:9-19:58
	android:theme
		ADDED from aws-sdk-android-samples\AndroidPubSub\AndroidManifest.xml:19:13-56
	android:name
		ADDED from aws-sdk-android-samples\AndroidPubSub\AndroidManifest.xml:18:19-82
activity#com.amazonaws.demo.androidpubsub.PubSubActivity
ADDED from aws-sdk-android-samples\AndroidPubSub\AndroidManifest.xml:23:9-28:20
	android:name
		ADDED from aws-sdk-android-samples\AndroidPubSub\AndroidManifest.xml:23:19-81
intent-filter#action:name:android.intent.action.MAIN+category:name:android.intent.category.LAUNCHER
ADDED from aws-sdk-android-samples\AndroidPubSub\AndroidManifest.xml:24:13-27:29
action#android.intent.action.MAIN
ADDED from aws-sdk-android-samples\AndroidPubSub\AndroidManifest.xml:25:17-69
	android:name
		ADDED from aws-sdk-android-samples\AndroidPubSub\AndroidManifest.xml:25:25-66
category#android.intent.category.LAUNCHER
ADDED from aws-sdk-android-samples\AndroidPubSub\AndroidManifest.xml:26:17-77
	android:name
		ADDED from aws-sdk-android-samples\AndroidPubSub\AndroidManifest.xml:26:27-74
uses-sdk
INJECTED from aws-sdk-android-samples\AndroidPubSub\AndroidManifest.xml reason: use-sdk injection requested
INJECTED from aws-sdk-android-samples\AndroidPubSub\AndroidManifest.xml
INJECTED from aws-sdk-android-samples\AndroidPubSub\AndroidManifest.xml
MERGED from [com.theartofdev.edmodo:android-image-cropper:2.8.0] AndroidManifest.xml:7:5-9:41
MERGED from [com.theartofdev.edmodo:android-image-cropper:2.8.0] AndroidManifest.xml:7:5-9:41
MERGED from [com.google.android.material:material:1.3.0] AndroidManifest.xml:20:5-44
MERGED from [com.google.android.material:material:1.3.0] AndroidManifest.xml:20:5-44
MERGED from [androidx.constraintlayout:constraintlayout:2.0.1] AndroidManifest.xml:5:5-7:41
MERGED from [androidx.constraintlayout:constraintlayout:2.0.1] AndroidManifest.xml:5:5-7:41
MERGED from [androidx.appcompat:appcompat:1.2.0] AndroidManifest.xml:20:5-22:41
MERGED from [androidx.appcompat:appcompat:1.2.0] AndroidManifest.xml:20:5-22:41
MERGED from [androidx.exifinterface:exifinterface:1.0.0] AndroidManifest.xml:20:5-44
MERGED from [androidx.exifinterface:exifinterface:1.0.0] AndroidManifest.xml:20:5-44
MERGED from [androidx.cardview:cardview:1.0.0] AndroidManifest.xml:20:5-44
MERGED from [androidx.cardview:cardview:1.0.0] AndroidManifest.xml:20:5-44
MERGED from [androidx.coordinatorlayout:coordinatorlayout:1.1.0] AndroidManifest.xml:20:5-22:41
MERGED from [androidx.coordinatorlayout:coordinatorlayout:1.1.0] AndroidManifest.xml:20:5-22:41
MERGED from [androidx.transition:transition:1.2.0] AndroidManifest.xml:20:5-22:41
MERGED from [androidx.transition:transition:1.2.0] AndroidManifest.xml:20:5-22:41
MERGED from [androidx.appcompat:appcompat-resources:1.2.0] AndroidManifest.xml:20:5-22:41
MERGED from [androidx.appcompat:appcompat-resources:1.2.0] AndroidManifest.xml:20:5-22:41
MERGED from [androidx.vectordrawable:vectordrawable-animated:1.1.0] AndroidManifest.xml:20:5-22:41
MERGED from [androidx.vectordrawable:vectordrawable-animated:1.1.0] AndroidManifest.xml:20:5-22:41
MERGED from [androidx.vectordrawable:vectordrawable:1.1.0] AndroidManifest.xml:20:5-22:41
MERGED from [androidx.vectordrawable:vectordrawable:1.1.0] AndroidManifest.xml:20:5-22:41
MERGED from [androidx.viewpager2:viewpager2:1.0.0] AndroidManifest.xml:20:5-22:41
MERGED from [androidx.viewpager2:viewpager2:1.0.0] AndroidManifest.xml:20:5-22:41
MERGED from [androidx.fragment:fragment:1.1.0] AndroidManifest.xml:20:5-22:41
MERGED from [androidx.fragment:fragment:1.1.0] AndroidManifest.xml:20:5-22:41
MERGED from [androidx.dynamicanimation:dynamicanimation:1.0.0] AndroidManifest.xml:20:5-44
MERGED from [androidx.dynamicanimation:dynamicanimation:1.0.0] AndroidManifest.xml:20:5-44
MERGED from [androidx.recyclerview:recyclerview:1.1.0] AndroidManifest.xml:20:5-22:41
MERGED from [androidx.recyclerview:recyclerview:1.1.0] AndroidManifest.xml:20:5-22:41
MERGED from [androidx.viewpager:viewpager:1.0.0] AndroidManifest.xml:20:5-44
MERGED from [androidx.viewpager:viewpager:1.0.0] AndroidManifest.xml:20:5-44
MERGED from [androidx.drawerlayout:drawerlayout:1.0.0] AndroidManifest.xml:20:5-44
MERGED from [androidx.drawerlayout:drawerlayout:1.0.0] AndroidManifest.xml:20:5-44
MERGED from [androidx.customview:customview:1.0.0] AndroidManifest.xml:20:5-44
MERGED from [androidx.customview:customview:1.0.0] AndroidManifest.xml:20:5-44
MERGED from [androidx.legacy:legacy-support-core-utils:1.0.0] AndroidManifest.xml:20:5-44
MERGED from [androidx.legacy:legacy-support-core-utils:1.0.0] AndroidManifest.xml:20:5-44
MERGED from [androidx.loader:loader:1.0.0] AndroidManifest.xml:20:5-44
MERGED from [androidx.loader:loader:1.0.0] AndroidManifest.xml:20:5-44
MERGED from [androidx.activity:activity:1.0.0] AndroidManifest.xml:20:5-22:41
MERGED from [androidx.activity:activity:1.0.0] AndroidManifest.xml:20:5-22:41
MERGED from [androidx.core:core:1.3.1] AndroidManifest.xml:20:5-22:41
MERGED from [androidx.core:core:1.3.1] AndroidManifest.xml:20:5-22:41
MERGED from [androidx.versionedparcelable:versionedparcelable:1.1.0] AndroidManifest.xml:20:5-22:41
MERGED from [androidx.versionedparcelable:versionedparcelable:1.1.0] AndroidManifest.xml:20:5-22:41
MERGED from [androidx.cursoradapter:cursoradapter:1.0.0] AndroidManifest.xml:20:5-44
MERGED from [androidx.cursoradapter:cursoradapter:1.0.0] AndroidManifest.xml:20:5-44
MERGED from [androidx.documentfile:documentfile:1.0.0] AndroidManifest.xml:20:5-44
MERGED from [androidx.documentfile:documentfile:1.0.0] AndroidManifest.xml:20:5-44
MERGED from [androidx.localbroadcastmanager:localbroadcastmanager:1.0.0] AndroidManifest.xml:20:5-44
MERGED from [androidx.localbroadcastmanager:localbroadcastmanager:1.0.0] AndroidManifest.xml:20:5-44
MERGED from [androidx.print:print:1.0.0] AndroidManifest.xml:20:5-44
MERGED from [androidx.print:print:1.0.0] AndroidManifest.xml:20:5-44
MERGED from [androidx.lifecycle:lifecycle-runtime:2.1.0] AndroidManifest.xml:20:5-44
MERGED from [androidx.lifecycle:lifecycle-runtime:2.1.0] AndroidManifest.xml:20:5-44
MERGED from [androidx.lifecycle:lifecycle-viewmodel:2.1.0] AndroidManifest.xml:20:5-44
MERGED from [androidx.lifecycle:lifecycle-viewmodel:2.1.0] AndroidManifest.xml:20:5-44
MERGED from [androidx.savedstate:savedstate:1.0.0] AndroidManifest.xml:20:5-22:41
MERGED from [androidx.savedstate:savedstate:1.0.0] AndroidManifest.xml:20:5-22:41
MERGED from [androidx.lifecycle:lifecycle-livedata:2.0.0] AndroidManifest.xml:20:5-44
MERGED from [androidx.lifecycle:lifecycle-livedata:2.0.0] AndroidManifest.xml:20:5-44
MERGED from [androidx.lifecycle:lifecycle-livedata-core:2.0.0] AndroidManifest.xml:20:5-44
MERGED from [androidx.lifecycle:lifecycle-livedata-core:2.0.0] AndroidManifest.xml:20:5-44
MERGED from [androidx.arch.core:core-runtime:2.0.0] AndroidManifest.xml:20:5-44
MERGED from [androidx.arch.core:core-runtime:2.0.0] AndroidManifest.xml:20:5-44
MERGED from [androidx.interpolator:interpolator:1.0.0] AndroidManifest.xml:20:5-44
MERGED from [androidx.interpolator:interpolator:1.0.0] AndroidManifest.xml:20:5-44
MERGED from [androidx.annotation:annotation-experimental:1.0.0] AndroidManifest.xml:20:5-22:41
MERGED from [androidx.annotation:annotation-experimental:1.0.0] AndroidManifest.xml:20:5-22:41
MERGED from [org.conscrypt:conscrypt-android:2.0.0] AndroidManifest.xml:7:5-9:41
MERGED from [org.conscrypt:conscrypt-android:2.0.0] AndroidManifest.xml:7:5-9:41
INJECTED from aws-sdk-android-samples\AndroidPubSub\AndroidManifest.xml
INJECTED from aws-sdk-android-samples\AndroidPubSub\AndroidManifest.xml
	android:targetSdkVersion
		INJECTED from aws-sdk-android-samples\AndroidPubSub\AndroidManifest.xml
		ADDED from aws-sdk-android-samples\AndroidPubSub\AndroidManifest.xml
		INJECTED from aws-sdk-android-samples\AndroidPubSub\AndroidManifest.xml
	android:minSdkVersion
		INJECTED from aws-sdk-android-samples\AndroidPubSub\AndroidManifest.xml
		ADDED from aws-sdk-android-samples\AndroidPubSub\AndroidManifest.xml
		INJECTED from aws-sdk-android-samples\AndroidPubSub\AndroidManifest.xml
uses-permission#android.permission.READ_PHONE_STATE
IMPLIED from aws-sdk-android-samples\AndroidPubSub\AndroidManifest.xml:2:1-31:12 reason: com.amazonaws.iot has a targetSdkVersion < 4
uses-permission#android.permission.ACCESS_NETWORK_STATE
ADDED from [com.amazonaws:aws-android-sdk-mobile-client:2.16.13] AndroidManifest.xml:5:5-78
	android:name
		ADDED from [com.amazonaws:aws-android-sdk-mobile-client:2.16.13] AndroidManifest.xml:5:22-76